[2025-11-14T02:18:44.376+0000] {taskinstance.py:1979} INFO - Dependencies all met for dep_context=non-requeueable deps ti=<TaskInstance: etl_sqlserver_to_postgres.extract manual__2025-11-14T02:18:41.681512+00:00 [queued]>
[2025-11-14T02:18:44.398+0000] {taskinstance.py:1979} INFO - Dependencies all met for dep_context=requeueable deps ti=<TaskInstance: etl_sqlserver_to_postgres.extract manual__2025-11-14T02:18:41.681512+00:00 [queued]>
[2025-11-14T02:18:44.400+0000] {taskinstance.py:2193} INFO - Starting attempt 1 of 2
[2025-11-14T02:18:44.436+0000] {taskinstance.py:2217} INFO - Executing <Task(_PythonDecoratedOperator): extract> on 2025-11-14 02:18:41.681512+00:00
[2025-11-14T02:18:44.451+0000] {standard_task_runner.py:60} INFO - Started process 229 to run task
[2025-11-14T02:18:44.461+0000] {standard_task_runner.py:87} INFO - Running: ['***', 'tasks', 'run', 'etl_sqlserver_to_postgres', 'extract', 'manual__2025-11-14T02:18:41.681512+00:00', '--job-id', '61', '--raw', '--subdir', 'DAGS_FOLDER/ETL_Dag.py', '--cfg-path', '/tmp/tmpt2de9hnf']
[2025-11-14T02:18:44.465+0000] {standard_task_runner.py:88} INFO - Job 61: Subtask extract
[2025-11-14T02:18:44.648+0000] {task_command.py:423} INFO - Running <TaskInstance: etl_sqlserver_to_postgres.extract manual__2025-11-14T02:18:41.681512+00:00 [running]> on host 19f297e328e4
[2025-11-14T02:18:44.854+0000] {taskinstance.py:2513} INFO - Exporting env vars: AIRFLOW_CTX_DAG_OWNER='***' AIRFLOW_CTX_DAG_ID='etl_sqlserver_to_postgres' AIRFLOW_CTX_TASK_ID='extract' AIRFLOW_CTX_EXECUTION_DATE='2025-11-14T02:18:41.681512+00:00' AIRFLOW_CTX_TRY_NUMBER='1' AIRFLOW_CTX_DAG_RUN_ID='manual__2025-11-14T02:18:41.681512+00:00'
[2025-11-14T02:18:44.859+0000] {__init__.py:439} INFO - Opening socket to host.docker.internal:1433
[2025-11-14T02:18:44.868+0000] {utils.py:37} INFO - Work attempt failed
Traceback (most recent call last):
  File "/home/airflow/.local/lib/python3.8/site-packages/pytds/utils.py", line 35, in exponential_backoff
    return work(try_time)
  File "/home/airflow/.local/lib/python3.8/site-packages/pytds/__init__.py", line 362, in attempt
    return _connect(
  File "/home/airflow/.local/lib/python3.8/site-packages/pytds/__init__.py", line 440, in _connect
    sock = socket.create_connection((host, resolved_port), timeout)
  File "/usr/local/lib/python3.8/socket.py", line 808, in create_connection
    raise err
  File "/usr/local/lib/python3.8/socket.py", line 796, in create_connection
    sock.connect(sa)
ConnectionRefusedError: [Errno 111] Connection refused
[2025-11-14T02:18:44.871+0000] {utils.py:48} INFO - Will retry after 1.187584 seconds
[2025-11-14T02:18:46.064+0000] {__init__.py:439} INFO - Opening socket to host.docker.internal:1433
[2025-11-14T02:18:46.073+0000] {utils.py:37} INFO - Work attempt failed
Traceback (most recent call last):
  File "/home/airflow/.local/lib/python3.8/site-packages/pytds/utils.py", line 35, in exponential_backoff
    return work(try_time)
  File "/home/airflow/.local/lib/python3.8/site-packages/pytds/__init__.py", line 362, in attempt
    return _connect(
  File "/home/airflow/.local/lib/python3.8/site-packages/pytds/__init__.py", line 440, in _connect
    sock = socket.create_connection((host, resolved_port), timeout)
  File "/usr/local/lib/python3.8/socket.py", line 808, in create_connection
    raise err
  File "/usr/local/lib/python3.8/socket.py", line 796, in create_connection
    sock.connect(sa)
ConnectionRefusedError: [Errno 111] Connection refused
[2025-11-14T02:18:46.074+0000] {utils.py:48} INFO - Will retry after 2.389828 seconds
[2025-11-14T02:18:48.467+0000] {__init__.py:439} INFO - Opening socket to host.docker.internal:1433
[2025-11-14T02:18:48.478+0000] {utils.py:37} INFO - Work attempt failed
Traceback (most recent call last):
  File "/home/airflow/.local/lib/python3.8/site-packages/pytds/utils.py", line 35, in exponential_backoff
    return work(try_time)
  File "/home/airflow/.local/lib/python3.8/site-packages/pytds/__init__.py", line 362, in attempt
    return _connect(
  File "/home/airflow/.local/lib/python3.8/site-packages/pytds/__init__.py", line 440, in _connect
    sock = socket.create_connection((host, resolved_port), timeout)
  File "/usr/local/lib/python3.8/socket.py", line 808, in create_connection
    raise err
  File "/usr/local/lib/python3.8/socket.py", line 796, in create_connection
    sock.connect(sa)
ConnectionRefusedError: [Errno 111] Connection refused
[2025-11-14T02:18:48.481+0000] {utils.py:48} INFO - Will retry after 4.785949 seconds
[2025-11-14T02:18:53.274+0000] {__init__.py:439} INFO - Opening socket to host.docker.internal:1433
[2025-11-14T02:18:53.287+0000] {utils.py:37} INFO - Work attempt failed
Traceback (most recent call last):
  File "/home/airflow/.local/lib/python3.8/site-packages/pytds/utils.py", line 35, in exponential_backoff
    return work(try_time)
  File "/home/airflow/.local/lib/python3.8/site-packages/pytds/__init__.py", line 362, in attempt
    return _connect(
  File "/home/airflow/.local/lib/python3.8/site-packages/pytds/__init__.py", line 440, in _connect
    sock = socket.create_connection((host, resolved_port), timeout)
  File "/usr/local/lib/python3.8/socket.py", line 808, in create_connection
    raise err
  File "/usr/local/lib/python3.8/socket.py", line 796, in create_connection
    sock.connect(sa)
ConnectionRefusedError: [Errno 111] Connection refused
[2025-11-14T02:18:53.290+0000] {utils.py:48} INFO - Will retry after 6.576859 seconds
[2025-11-14T02:18:59.876+0000] {taskinstance.py:2731} ERROR - Task failed with exception
Traceback (most recent call last):
  File "/home/airflow/.local/lib/python3.8/site-packages/pytds/utils.py", line 35, in exponential_backoff
    return work(try_time)
  File "/home/airflow/.local/lib/python3.8/site-packages/pytds/__init__.py", line 362, in attempt
    return _connect(
  File "/home/airflow/.local/lib/python3.8/site-packages/pytds/__init__.py", line 440, in _connect
    sock = socket.create_connection((host, resolved_port), timeout)
  File "/usr/local/lib/python3.8/socket.py", line 808, in create_connection
    raise err
  File "/usr/local/lib/python3.8/socket.py", line 796, in create_connection
    sock.connect(sa)
ConnectionRefusedError: [Errno 111] Connection refused

The above exception was the direct cause of the following exception:

Traceback (most recent call last):
  File "/home/airflow/.local/lib/python3.8/site-packages/airflow/models/taskinstance.py", line 444, in _execute_task
    result = _execute_callable(context=context, **execute_callable_kwargs)
  File "/home/airflow/.local/lib/python3.8/site-packages/airflow/models/taskinstance.py", line 414, in _execute_callable
    return execute_callable(context=context, **execute_callable_kwargs)
  File "/home/airflow/.local/lib/python3.8/site-packages/airflow/decorators/base.py", line 241, in execute
    return_value = super().execute(context)
  File "/home/airflow/.local/lib/python3.8/site-packages/airflow/operators/python.py", line 200, in execute
    return_value = self.execute_callable()
  File "/home/airflow/.local/lib/python3.8/site-packages/airflow/operators/python.py", line 217, in execute_callable
    return self.python_callable(*self.op_args, **self.op_kwargs)
  File "/opt/airflow/dags/ETL_Dag.py", line 30, in extract
    conn = pytds.connect(
  File "/home/airflow/.local/lib/python3.8/site-packages/pytds/__init__.py", line 403, in connect
    return utils.exponential_backoff(
  File "/home/airflow/.local/lib/python3.8/site-packages/pytds/utils.py", line 53, in exponential_backoff
    raise TimeoutError() from ex
TimeoutError
[2025-11-14T02:18:59.903+0000] {taskinstance.py:1149} INFO - Marking task as UP_FOR_RETRY. dag_id=etl_sqlserver_to_postgres, task_id=extract, execution_date=20251114T021841, start_date=20251114T021844, end_date=20251114T021859
[2025-11-14T02:18:59.933+0000] {standard_task_runner.py:107} ERROR - Failed to execute job 61 for task extract (; 229)
[2025-11-14T02:18:59.990+0000] {local_task_job_runner.py:234} INFO - Task exited with return code 1
[2025-11-14T02:19:00.060+0000] {taskinstance.py:3312} INFO - 0 downstream tasks scheduled from follow-on schedule check
